Watching for file changes with StatReloader
Not Found: /favicon.ico
/home/my/celery_implementation/Django-bank-project/accountapp/views.py changed, reloading.
Watching for file changes with StatReloader
/home/my/celery_implementation/Django-bank-project/accountapp/views.py changed, reloading.
Watching for file changes with StatReloader
user error register successfully
user critical register successfully
/home/my/celery_implementation/Django-bank-project/BankingSystem/settings.py changed, reloading.

Watching for file changes with StatReloader
user info register successfully
user warning register successfully
user error register successfully
user critical register successfully
/home/my/celery_implementation/Django-bank-project/BankingSystem/settings.py changed, reloading.
Watching for file changes with StatReloader
********************
user info register successfully
user warning register successfully
user error register successfully
user critical register successfully
/home/my/celery_implementation/Django-bank-project/BankingSystem/settings.py changed, reloading.
Watching for file changes with StatReloader
user info register successfully
user warning register successfully
user error register successfully
user critical register successfully
/home/my/celery_implementation/Django-bank-project/BankingSystem/settings.py changed, reloading.
Watching for file changes with StatReloader
*********
user info register successfully
user warning register successfully
user error register successfully
user critical register successfully
/home/my/celery_implementation/Django-bank-project/accountapp/views.py changed, reloading.
Watching for file changes with StatReloader
user info register successfully
user warning register successfully
user error register successfully
user critical register successfully
/home/my/celery_implementation/Django-bank-project/BankingSystem/settings.py changed, reloading.
Watching for file changes with StatReloader
/home/my/celery_implementation/Django-bank-project/accountapp/views.py changed, reloading.
Watching for file changes with StatReloader
/home/my/celery_implementation/Django-bank-project/accountapp/views.py changed, reloading.
Watching for file changes with StatReloader
user info register successfully
user warning register successfully
user error register successfully
user critical register successfully
/home/my/celery_implementation/Django-bank-project/accountapp/views.py changed, reloading.
********
